<?xml version="1.0" encoding="UTF-8"?>
<testng-results skipped="0" failed="0" ignored="0" total="1" passed="1">
  <reporter-output>
  </reporter-output>
  <suite name="InetBankingV1" duration-ms="12220" started-at="2022-03-25T05:38:13Z" finished-at="2022-03-25T05:38:25Z">
    <groups>
    </groups>
    <test name="BankingApp Test" duration-ms="12220" started-at="2022-03-25T05:38:13Z" finished-at="2022-03-25T05:38:25Z">
      <class name="com.inetbanking.testcases.TC_LoginTest_0001">
        <test-method status="PASS" signature="Setup(java.lang.String)[pri:0, instance:com.inetbanking.testcases.TC_LoginTest_0001@1a38c59b]" name="Setup" is-config="true" duration-ms="8655" started-at="2022-03-25T05:38:13Z" finished-at="2022-03-25T05:38:21Z">
          <params>
            <param index="0">
              <value>
                <![CDATA[chrome]]>
              </value>
            </param>
          </params>
          <reporter-output>
          </reporter-output>
        </test-method> <!-- Setup -->
        <test-method status="PASS" signature="login()[pri:0, instance:com.inetbanking.testcases.TC_LoginTest_0001@1a38c59b]" name="login" duration-ms="3536" started-at="2022-03-25T05:38:21Z" finished-at="2022-03-25T05:38:25Z">
          <reporter-output>
          </reporter-output>
        </test-method> <!-- login -->
      </class> <!-- com.inetbanking.testcases.TC_LoginTest_0001 -->
    </test> <!-- BankingApp Test -->
  </suite> <!-- InetBankingV1 -->
</testng-results>
